{"level":"error","message":"Erro ao conectar ao MongoDB: Could not connect to any servers in your MongoDB Atlas cluster. One common reason is that you're trying to access the database from an IP that isn't whitelisted. Make sure your current IP address is on your Atlas cluster's IP whitelist: https://www.mongodb.com/docs/atlas/security-whitelist/","reason":{"commonWireVersion":0,"compatible":true,"heartbeatFrequencyMS":10000,"localThresholdMS":15,"logicalSessionTimeoutMinutes":null,"maxElectionId":null,"maxSetVersion":null,"servers":{"wabotdatabank-shard-00-00.ejoy6.mongodb.net:27017":{"$clusterTime":null,"address":"wabotdatabank-shard-00-00.ejoy6.mongodb.net:27017","arbiters":[],"electionId":null,"error":{},"hosts":[],"lastUpdateTime":1712643477,"lastWriteDate":0,"logicalSessionTimeoutMinutes":null,"maxWireVersion":0,"me":null,"minRoundTripTime":0,"minWireVersion":0,"passives":[],"primary":null,"roundTripTime":-1,"setName":null,"setVersion":null,"tags":{},"topologyVersion":null,"type":"Unknown"},"wabotdatabank-shard-00-01.ejoy6.mongodb.net:27017":{"$clusterTime":null,"address":"wabotdatabank-shard-00-01.ejoy6.mongodb.net:27017","arbiters":[],"electionId":null,"error":{},"hosts":[],"lastUpdateTime":1712643586,"lastWriteDate":0,"logicalSessionTimeoutMinutes":null,"maxWireVersion":0,"me":null,"minRoundTripTime":0,"minWireVersion":0,"passives":[],"primary":null,"roundTripTime":-1,"setName":null,"setVersion":null,"tags":{},"topologyVersion":null,"type":"Unknown"},"wabotdatabank-shard-00-02.ejoy6.mongodb.net:27017":{"$clusterTime":null,"address":"wabotdatabank-shard-00-02.ejoy6.mongodb.net:27017","arbiters":[],"electionId":null,"error":{},"hosts":[],"lastUpdateTime":1712643592,"lastWriteDate":0,"logicalSessionTimeoutMinutes":null,"maxWireVersion":0,"me":null,"minRoundTripTime":0,"minWireVersion":0,"passives":[],"primary":null,"roundTripTime":-1,"setName":null,"setVersion":null,"tags":{},"topologyVersion":null,"type":"Unknown"}},"setName":"atlas-van1gi-shard-0","stale":false,"type":"ReplicaSetNoPrimary"},"stack":"MongooseServerSelectionError: Could not connect to any servers in your MongoDB Atlas cluster. One common reason is that you're trying to access the database from an IP that isn't whitelisted. Make sure your current IP address is on your Atlas cluster's IP whitelist: https://www.mongodb.com/docs/atlas/security-whitelist/\n    at _handleConnectionErrors (C:\\Users\\vdi.dell\\wwebjs-bot\\node_modules\\mongoose\\lib\\connection.js:909:11)\n    at NativeConnection.openUri (C:\\Users\\vdi.dell\\wwebjs-bot\\node_modules\\mongoose\\lib\\connection.js:860:11)\n    at async connectToMongoDB (C:\\Users\\vdi.dell\\wwebjs-bot\\main.js:31:9)\n    at async main (C:\\Users\\vdi.dell\\wwebjs-bot\\main.js:90:19)"}
{"level":"info","message":"Conectado ao MongoDB com sucesso"}
{"code":8000,"codeName":"AtlasError","connectionGeneration":0,"errorResponse":{"code":8000,"codeName":"AtlasError","errmsg":"bad auth : authentication failed","ok":0},"level":"error","message":"Erro ao conectar ao MongoDB: bad auth : authentication failed","ok":0,"stack":"MongoServerError: bad auth : authentication failed\n    at Connection.sendCommand (C:\\Users\\vdi.dell\\wwebjs-bot\\node_modules\\mongodb\\lib\\cmap\\connection.js:289:27)\n    at process.processTicksAndRejections (node:internal/process/task_queues:95:5)\n    at async Connection.command (C:\\Users\\vdi.dell\\wwebjs-bot\\node_modules\\mongodb\\lib\\cmap\\connection.js:312:26)\n    at async continueScramConversation (C:\\Users\\vdi.dell\\wwebjs-bot\\node_modules\\mongodb\\lib\\cmap\\auth\\scram.js:131:15)\n    at async executeScram (C:\\Users\\vdi.dell\\wwebjs-bot\\node_modules\\mongodb\\lib\\cmap\\auth\\scram.js:80:5)\n    at async ScramSHA1.auth (C:\\Users\\vdi.dell\\wwebjs-bot\\node_modules\\mongodb\\lib\\cmap\\auth\\scram.js:39:16)\n    at async performInitialHandshake (C:\\Users\\vdi.dell\\wwebjs-bot\\node_modules\\mongodb\\lib\\cmap\\connect.js:104:13)\n    at async connect (C:\\Users\\vdi.dell\\wwebjs-bot\\node_modules\\mongodb\\lib\\cmap\\connect.js:24:9)"}
{"level":"info","message":"Conectado ao MongoDB com sucesso"}
{"level":"info","message":"Cliente inicializado com sucesso"}
{"level":"info","message":"Cliente está pronto!"}
{"level":"info","message":"Mensagem recebida: menu"}
{"level":"info","message":"Mensagem recebida: \n      1- uau\n      2- uauauau\n      "}
{"level":"info","message":"Mensagem reconhecida"}
{"level":"info","message":"Mensagem reconhecida"}
{"level":"info","message":"Mensagem recebida: Eduardo, por gentileza, me informe um email de contato pessoal, que não faça parte do domíno \"@dellead.com\""}
{"level":"info","message":"Mensagem reconhecida"}
{"level":"info","message":"Mensagem recebida: Mesmo igual 🤷🏻‍♂️"}
{"level":"info","message":"Mensagem reconhecida"}
{"level":"info","message":"Mensagem recebida: Aguardando liberar acesso"}
{"level":"info","message":"Mensagem recebida: eduardo_de_andrade_c@dell.com"}
{"level":"info","message":"Mensagem recebida: deu certo entrar aqui!"}
{"level":"info","message":"Mensagem recebida: Ótimo. Começou pessoal!"}
{"level":"info","message":"Mensagem recebida: "}
{"level":"info","message":"Mensagem recebida: sem o domínio dell também, por gentileza"}
{"level":"info","message":"Mensagem reconhecida"}
{"level":"info","message":"Mensagem recebida: Possui algum com @gmail ou similares?"}
{"level":"info","message":"Mensagem reconhecida"}
{"level":"info","message":"Mensagem recebida: "}
{"level":"info","message":"Mensagem recebida: "}
{"level":"info","message":"Mensagem recebida: eduardolinc@gmail.com"}
{"level":"info","message":"Mensagem recebida: Obrigado"}
{"level":"info","message":"Mensagem reconhecida"}
{"level":"info","message":"Mensagem recebida: Acompanhando o treinamento!"}
{"level":"info","message":"Mensagem recebida: Pq gmail fora vdi?"}
{"level":"info","message":"Mensagem recebida: Porque sem acesso à VDI não podemos entrar em contato através do e-mail usado na VDI"}
{"level":"info","message":"Mensagem reconhecida"}
{"level":"info","message":"Mensagem recebida: "}
{"level":"info","message":"Mensagem recebida: Ah entendi ok"}
{"level":"info","message":"Conectado ao MongoDB com sucesso"}
{"level":"info","message":"Cliente inicializado com sucesso"}
{"level":"info","message":"Cliente está pronto!"}
{"level":"info","message":"Mensagem recebida: Boa tarde! Até o momento não chegou via e-mail link de registro para pegar certificado do evento; durante a reunião também não colocaram link no chat dessa vez."}
{"level":"info","message":"Mensagem recebida: Ele ainda irá mandar"}
{"level":"info","message":"Mensagem reconhecida"}
{"level":"info","message":"Mensagem editada"}
{"level":"info","message":"Mensagem recebida: menu"}
{"level":"info","message":"Mensagem recebida: \n      1- uau\n      2- uauauau\n      "}
{"level":"info","message":"Mensagem reconhecida"}
{"level":"info","message":"Mensagem reconhecida"}
{"level":"info","message":"Mensagem recebida: Menu"}
{"level":"info","message":"Conectado ao MongoDB com sucesso"}
{"level":"info","message":"Cliente inicializado com sucesso"}
{"level":"info","message":"Cliente está pronto!"}
{"level":"info","message":"Mensagem recebida: "}
{"level":"info","message":"Conectado ao MongoDB com sucesso"}
{"level":"info","message":"Cliente inicializado com sucesso"}
{"level":"info","message":"Cliente está pronto!"}
{"level":"info","message":"Mensagem recebida: "}
{"level":"info","message":"Conectado ao MongoDB com sucesso"}
{"level":"info","message":"Cliente inicializado com sucesso"}
{"level":"info","message":"Cliente está pronto!"}
{"level":"info","message":"Mensagem recebida: "}
{"level":"info","message":"Conectado ao MongoDB com sucesso"}
{"level":"info","message":"Cliente inicializado com sucesso"}
{"level":"info","message":"Cliente está pronto!"}
{"level":"info","message":"Mensagem recebida: "}
{"level":"info","message":"Mensagem recebida: Bando de desocupado"}
{"level":"info","message":"Mensagem recebida: Somos mesmo"}
{"level":"info","message":"Mensagem recebida: Sabemos"}
{"level":"info","message":"Mensagem recebida: Burrinhos burrinhos"}
{"level":"info","message":"Mensagem recebida: Ah bom"}
{"level":"info","message":"Mensagem recebida: Que bom que cês sabem"}
{"level":"info","message":"Mensagem recebida: https://youtu.be/60bDacRAMQ4?si=7vVVeZGK-LgT5dS_"}
{"level":"info","message":"Mensagem recebida: Boa tarde Eduardo, como podemos ajudar?"}
{"level":"info","message":"Mensagem recebida: Oi boa tarde"}
{"level":"info","message":"Mensagem recebida: O problema persiste do lado do servidor, contatamos os envolvidos nos últimos dias e não recebemos resposta definitiva"}
{"level":"info","message":"Mensagem recebida: Caso hoje ainda sua VDI não volte a funcionar normalmente, podemos marcar um dia para que você compareça ao LEAD para resgatar uma nova máquina?"}
{"level":"info","message":"Mensagem recebida: Posso ir amanhã pela manhã ou tarde?"}
{"level":"info","message":"Mensagem recebida: Claro, nos vemos amanhã a tarde já com seu equipamento novo lá no LEAD, certo?"}
{"level":"info","message":"Mensagem recebida: Certo ok"}
{"level":"info","message":"Mensagem recebida: Nova máquina.\nHá! Lembrando, peço por gentileza, instalar os programas que eu necessito: adobe acrobat, alguns de Microsoft (word, excel, etc..), anydesk. acho q é isso."}
{"level":"info","message":"Mensagem recebida: O técnico (nome) deve saber."}
{"level":"info","message":"Mensagem recebida: Bom dia, sobre a troca de maquina do Eduardo Castro, ele marcou para hoje?"}
{"level":"info","message":"Mensagem recebida: ‎Suporte LDI agradece seu contato. Como podemos ajudar?"}
{"level":"info","message":"Mensagem recebida: Bom dia. Quem marcou foi o Gabriel"}
{"level":"info","message":"Mensagem recebida: Ahh"}
{"level":"info","message":"Mensagem recebida: Hoje 1h"}
{"level":"info","message":"Mensagem recebida: Tá aqui na agenda"}
{"level":"info","message":"Mensagem recebida: Certo, pq ele comentou agora comigo, era só para confirmar mesmo"}
{"level":"info","message":"Mensagem recebida: Show"}
{"level":"info","message":"Mensagem recebida: Bom dia!"}
{"level":"info","message":"Mensagem recebida: Qual o problema Lara?"}
{"level":"info","message":"Mensagem recebida: "}
{"level":"info","message":"Mensagem recebida: "}
{"level":"info","message":"Mensagem recebida: "}
{"level":"info","message":"Mensagem recebida: 1854647065"}
{"level":"info","message":"Mensagem recebida: "}
{"level":"info","message":"Mensagem recebida: "}
{"level":"info","message":"Mensagem recebida: Pronto"}
{"level":"info","message":"Mensagem recebida: "}
{"level":"info","message":"Mensagem recebida: É como você colocou da primeira vez"}
{"level":"info","message":"Mensagem recebida: Foi com barra ou sem?"}
{"level":"info","message":"Mensagem recebida: "}
{"level":"info","message":"Mensagem recebida: Certo"}
{"level":"info","message":"Mensagem recebida: "}
{"level":"info","message":"Mensagem recebida: Android ou IOS?"}
{"level":"info","message":"Mensagem recebida: O seu celular"}
{"level":"info","message":"Mensagem recebida: Ios"}
{"level":"info","message":"Mensagem recebida: "}
{"level":"info","message":"Mensagem recebida: Lara, tem alguém que pode te ajudar nessa próxima etapa"}
{"level":"info","message":"Mensagem recebida: Você vai precisar ler o Qrcode que vai aparecer na sua tela"}
{"level":"info","message":"Mensagem recebida: Isso, pode apertar em início"}
{"level":"info","message":"Mensagem recebida: "}
{"level":"info","message":"Mensagem recebida: Deu certo?"}
{"level":"info","message":"Mensagem recebida: Agora vamos testar o código para ver se está funcionando"}
{"level":"info","message":"Mensagem recebida: "}
{"level":"info","message":"Mensagem recebida: Não"}
{"level":"info","message":"Mensagem recebida: Escreve o código RSA"}
{"level":"info","message":"Mensagem recebida: "}
{"level":"info","message":"Mensagem recebida: "}
{"level":"info","message":"Mensagem recebida: No caso é o código RSA que coloca nesse campo selecionado"}
{"level":"info","message":"Mensagem recebida: Pronto"}
{"level":"info","message":"Mensagem recebida: Agora só entrar ma VDI"}
{"level":"info","message":"Mensagem recebida: Valeu!"}
{"level":"info","message":"Mensagem recebida: "}
{"level":"info","message":"Mensagem recebida: "}
{"level":"info","message":"Mensagem recebida: "}
{"level":"info","message":"Mensagem recebida: "}
{"level":"info","message":"Mensagem recebida: Boa tarde a todos do grupo! Gostaria de informar que hoje é um dia muito importante, o Dia Internacional do Tradutor e Intérprete. Gostaria de parabenizar a Eduarda e a @558594442980  pelo seu trabalho. Agradeço imensamente e um beijo."}
{"level":"info","message":"Mensagem recebida: muito obg livia ☺️"}
{"level":"info","message":"Mensagem recebida: @558599400194 @558594442980"}
{"level":"info","message":"Mensagem recebida: 👏🏻👏🏻👏🏻👏🏻👏🏻👏🏻👏🏻👏🏻👏🏻"}
{"level":"info","message":"Mensagem recebida: @558594442980 @558599400194 Parabéns pelo dia! 👏🏻👏🏻"}
{"level":"info","message":"Mensagem recebida: Parabéns pelo dia tradutor intérprete.. @558599400194 @558594442980"}
{"level":"info","message":"Mensagem recebida: Parabéns no dia tradutor libras @558599400194 @558594442980 👏👏👏🙏🙌"}
{"level":"info","message":"Mensagem recebida: "}
{"level":"info","message":"Mensagem recebida: Parabéns!!"}
{"level":"info","message":"Mensagem recebida: "}
{"level":"info","message":"Mensagem recebida: "}
{"level":"info","message":"Mensagem recebida: "}
{"level":"info","message":"Mensagem recebida: Boa tarde. Ok obrigado."}
{"level":"info","message":"Mensagem recebida: Boa tarde. Ciente! Obrigada pelo aviso."}
{"level":"info","message":"Mensagem recebida: Grata entendi  notícia  informações  notícia motivo ok"}
{"level":"info","message":"Mensagem recebida: Bom dia, pessoal! 😊 Hoje é aniversário do Raimundo Eudes do time Dell.\n \n#audiodescrição: Banner comemorativo. Sobre fundo azul, no topo do banner, temos a frase: “Feliz Aniversário!”. No centro, há uma moldura branca com a fotografia do RAIMUNDO EUDES. Raimundo completa aniversário no dia 02/10. Nos quatro cantos do banner há desenhos de balões e confetes. Na parte inferior, bem no centro do banner, há os logos do LEAD e da Dell Technologies."}
{"level":"info","message":"Mensagem recebida: "}
{"level":"info","message":"Mensagem recebida: Bom dia a todos e Parabéns @558587903660 👏👏👏 que Deus continue te abençoando e te protegendo sempre com Saúde, Felicidade e Sucesso meu amigo 🙏🙏🙏🙌🙌🙌🤗"}
{"level":"info","message":"Mensagem recebida: @558587903660"}
{"level":"info","message":"Mensagem recebida: Parabéns 👏🏼"}
{"level":"info","message":"Mensagem recebida: Meu amigo Eudes, parabéns!\nFeliz Aniversário \nMuitas Felicidades e Bênçãos!"}
{"level":"info","message":"Mensagem recebida: Parabéns"}
{"level":"info","message":"Mensagem recebida: "}
{"level":"info","message":"Mensagem recebida: Parabéns 🎉👏🏼🥳 Deus abençoe sua vida"}
{"level":"info","message":"Mensagem recebida: Parabéns"}
{"level":"info","message":"Mensagem recebida: Parabéns @558587903660"}
{"level":"info","message":"Mensagem recebida: Parabéns felicidades e muita saúde meu amigo 🥳🥳🥳🥳🙏🏻🙏🏻🙏🏻🙏🏻"}
{"level":"info","message":"Mensagem recebida: Parabéns Deus abençoe pra  saúde"}
{"level":"info","message":"Mensagem recebida: Parabéns"}
{"level":"info","message":"Mensagem recebida: "}
{"level":"info","message":"Mensagem recebida: Parabéns 👏🏼👏🏼👏🏼👏🏼"}
{"level":"info","message":"Mensagem recebida: Parabéns meu amigo Eudes, felicidades..\nE sucesso"}
{"level":"info","message":"Mensagem recebida: parabéns, meu amigo! tudo de melhor na sua vida. Deus te abençoe sempre!"}
{"level":"info","message":"Mensagem recebida: "}
{"level":"info","message":"Mensagem recebida: Bom dia, pessoal! \n\nOntem iniciamos o mês de outubro e, como comentei com vocês no all hands da semana passada, teremos neste mês uma *ação voltada para o Dia das Crianças* junto ao Instituto Semente da Liberdade, que atende atualmente 232 crianças carentes. \n\nA seguir, relembro como poderemos contribuir nesta ação:\n\n*Doação de brinquedos:* novos ou usados, desde que estejam em bom estado.\n\n*Doação de doces e lanches, que serão entregues às crianças no dia do evento:* pipoca, salgadinho (Xilito), jujuba, Fini, M&M, Nucita, Paçoquita, bombons, pirulitos, chocolate Batom, suquinhos, biscoitos recheados, bolinhos, entre outros.\n\nNo próximo all hands, organizaremos os kits, que serão compostos por um brinquedo, alguns doces e lanches, e entregues às crianças durante o *evento, que ocorrerá no dia 28/10, pela manhã*.\n\nAlém das doações, também haverá a oportunidade de participar pessoalmente no dia do evento, interagindo com as crianças e colaborando nas atividades. Em breve, enviarei um formulário com mais detalhes sobre os horários e o local da ação.\n\nConto com a participação de todos para tornar este dia ainda mais especial para essas crianças! 😁🙌🏻"}
{"level":"info","message":"Mensagem recebida: ok!"}
{"level":"info","message":"Mensagem recebida: vamos juntos!"}
{"level":"info","message":"Mensagem recebida: Meus parabéns, @558587903660. Muita paz, saúde e felicidade neste novo ano. Sucesso! 👏🏻"}
{"level":"info","message":"Mensagem recebida: Isso aí, Lara... Vamos sim!"}
{"level":"info","message":"Mensagem recebida: Me ajudar suporte?"}
{"level":"info","message":"Mensagem recebida: Boa tarde @558582077727 pode ajudar o Eduardo Castro, por favor"}
{"level":"info","message":"Mensagem recebida: Boa tarde, meus parabéns @558587903660, que Deus te abençoe grandemente 🙌🙌🙌🙏🏻"}
{"level":"info","message":"Mensagem recebida: Obrigado a todos pelo carinho, Deus os abençoe."}
{"level":"info","message":"Mensagem recebida: "}
{"level":"info","message":"Mensagem recebida: Parabéns Eudes Deus te abençoe com muita saúde, paz amor e muitos anos de vida 🙏"}
{"level":"info","message":"Mensagem recebida: Parabéns 👏🥳🎂"}
{"level":"info","message":"Mensagem recebida: bom dia"}
{"level":"info","message":"Mensagem recebida: alguém do suporte poderia me ajudar? eu troquei o celular, e preciso configurar o rsa"}
{"level":"info","message":"Mensagem recebida: meu amigo, @558587903660, bom dia! parabens pelo seu dia!! tudo de melhor para você!!!"}
{"level":"info","message":"Mensagem recebida: Bom dia, @558582077727 pode ajudar a Lara, por favor"}
{"level":"info","message":"Mensagem recebida: Chamei no privado"}
{"level":"info","message":"Mensagem recebida: gratidão pela ajuda"}
{"level":"info","message":"Mensagem recebida: Por favor ajude mim?"}
{"level":"info","message":"Mensagem recebida: Boa tarde, @558582077727  pode ajudar o Alcides, por favor"}
{"level":"info","message":"Mensagem recebida: Boa tarde Alcides, esse problema está ocorrendo na VDI por conta do servidor. Contatamos os envolvidos nos últimos dias e não recebemos resposta definitiva."}
{"level":"info","message":"Mensagem recebida: Ok"}
{"level":"info","message":"Mensagem recebida: Seria possível que você comparecesse ao LEAD amanhã pela tarde?"}
{"level":"info","message":"Mensagem recebida: Oi"}
{"level":"info","message":"Mensagem recebida: Sim"}
{"level":"info","message":"Mensagem recebida: Pra realizar a troca do seu computador"}
{"level":"info","message":"Mensagem recebida: Eu pergunto"}
{"level":"info","message":"Mensagem recebida: Ótimo, obrigado"}
{"level":"info","message":"Mensagem recebida: Que horário seria melhor"}
{"level":"info","message":"Mensagem recebida: Amanhã eu levo sobre notebook?"}
{"level":"info","message":"Mensagem recebida: ?"}
{"level":"info","message":"Mensagem recebida: Isso, nós entregaremos um novo"}
{"level":"info","message":"Mensagem recebida: Pra resolver o problema de conexão"}
{"level":"info","message":"Mensagem recebida: Ok"}
{"level":"info","message":"Mensagem recebida: Aviso que Alexandre"}
{"level":"info","message":"Mensagem recebida: Ei melhor amanhã eu vou exame grupos lead depois terminar 11hs e eu levo notebook ok?"}
{"level":"info","message":"Mensagem recebida: Sim sim, após uma hora da tarde o seu novo notebook deve estar disponível"}
{"level":"info","message":"Mensagem recebida: Poderia me informar apenas um endereço de email pessoal, por gentileza?"}
{"level":"info","message":"Mensagem recebida: Eu não sei"}
{"level":"info","message":"Mensagem editada"}
{"level":"info","message":"Mensagem editada"}
{"level":"info","message":"Mensagem editada"}
{"level":"info","message":"Conectado ao MongoDB com sucesso"}
{"level":"info","message":"Cliente inicializado com sucesso"}
{"level":"info","message":"Cliente está pronto!"}
{"level":"info","message":"Mensagem recebida: Teste"}
{"level":"info","message":"Mensagem recebida: Agradecemos sua mensagem. Não estamos disponíveis no momento, mas responderemos assim que possível."}
{"level":"info","message":"Mensagem reconhecida"}
{"level":"info","message":"Mensagem recebida: Boa noite assistente, isso é um teste, como vai? Poderia me ajudar?"}
{"level":"info","message":"Mensagem recebida: Assistente"}
{"level":"info","message":"Mensagem recebida: Teste"}
{"level":"info","message":"Mensagem recebida: Uauauaua"}
{"level":"info","message":"Mensagem recebida: Olá assistente"}
{"level":"info","message":"Conectado ao MongoDB com sucesso"}
{"level":"info","message":"Cliente inicializado com sucesso"}
{"level":"info","message":"Cliente está pronto!"}
{"level":"info","message":"Mensagem recebida: Teste"}
{"level":"info","message":"Mensagem recebida: Olá assistente, boa noite"}
{"level":"info","message":"Conectado ao MongoDB com sucesso"}
{"level":"info","message":"Cliente inicializado com sucesso"}
{"level":"info","message":"Cliente está pronto!"}
{"level":"info","message":"Mensagem recebida: Oi"}
{"level":"info","message":"Conectado ao MongoDB com sucesso"}
{"level":"info","message":"Cliente inicializado com sucesso"}
{"level":"info","message":"Cliente está pronto!"}
{"level":"info","message":"Mensagem recebida: ."}
{"level":"info","message":"Contato: undefined"}
{"level":"info","message":"Mensagem recebida: ."}
{"level":"info","message":"Contato: undefined"}
{"level":"info","message":"Conectado ao MongoDB com sucesso"}
{"level":"info","message":"Cliente inicializado com sucesso"}
{"level":"info","message":"Cliente está pronto!"}
{"level":"info","message":"Mensagem recebida: ."}
{"level":"info","message":"Contato: [object Promise]"}
{"level":"info","message":"Conectado ao MongoDB com sucesso"}
{"level":"info","message":"Cliente inicializado com sucesso"}
{"level":"info","message":"Cliente está pronto!"}
{"level":"info","message":"Mensagem recebida: ."}
{"level":"info","message":"Contato: [object Promise]"}
{"level":"info","message":"Conectado ao MongoDB com sucesso"}
{"level":"info","message":"Cliente inicializado com sucesso"}
{"level":"info","message":"Cliente está pronto!"}
{"level":"info","message":"Mensagem recebida: ."}
{"level":"info","message":"Contato: undefined"}
{"level":"info","message":"Conectado ao MongoDB com sucesso"}
{"level":"info","message":"Cliente inicializado com sucesso"}
{"level":"info","message":"Cliente está pronto!"}
{"level":"info","message":"Mensagem recebida: ."}
{"level":"info","message":"Contato: {}"}
{"level":"info","message":"Conectado ao MongoDB com sucesso"}
{"level":"info","message":"Cliente inicializado com sucesso"}
{"level":"info","message":"Cliente está pronto!"}
{"level":"info","message":"Mensagem recebida: ."}
{"level":"info","message":"Contato: undefined"}
{"level":"info","message":"Conectado ao MongoDB com sucesso"}
{"level":"info","message":"Cliente inicializado com sucesso"}
{"level":"info","message":"Cliente está pronto!"}
{"level":"info","message":"Mensagem recebida: ."}
{"level":"info","message":"Contato: {}"}
{"level":"info","message":"Conectado ao MongoDB com sucesso"}
{"level":"info","message":"Cliente inicializado com sucesso"}
{"level":"info","message":"Cliente está pronto!"}
{"level":"info","message":"Mensagem recebida: ."}
{"level":"info","message":"Contato: {\"id\":{\"server\":\"c.us\",\"user\":\"558585958475\",\"_serialized\":\"558585958475@c.us\"},\"number\":\"558585958475\",\"isBusiness\":false,\"labels\":[],\"pushname\":\"Gabriel Melo\",\"type\":\"in\",\"isMe\":false,\"isUser\":true,\"isGroup\":false,\"isWAContact\":true,\"isMyContact\":false,\"isBlocked\":false}"}
{"level":"info","message":"Conectado ao MongoDB com sucesso"}
{"level":"info","message":"Cliente inicializado com sucesso"}
{"level":"info","message":"Cliente está pronto!"}
{"level":"info","message":"Mensagem recebida: ."}
{"level":"info","message":"Contato: [object Object]"}
{"level":"info","message":"Conectado ao MongoDB com sucesso"}
{"level":"info","message":"Cliente inicializado com sucesso"}
{"level":"info","message":"Cliente está pronto!"}
{"level":"info","message":"Mensagem recebida: ."}
{"level":"info","message":"Contato: undefined"}
{"level":"info","message":"Conectado ao MongoDB com sucesso"}
{"level":"info","message":"Cliente inicializado com sucesso"}
{"level":"info","message":"Cliente está pronto!"}
{"level":"info","message":"Mensagem recebida: ."}
{"level":"info","message":"Contato: [object Promise]"}
{"level":"info","message":"Conectado ao MongoDB com sucesso"}
{"level":"info","message":"Cliente inicializado com sucesso"}
{"level":"info","message":"Cliente está pronto!"}
{"level":"info","message":"Mensagem recebida: ."}
{"level":"info","message":"Contato: \"[object Promise]\""}
{"level":"info","message":"Conectado ao MongoDB com sucesso"}
{"level":"info","message":"Cliente inicializado com sucesso"}
{"level":"info","message":"Cliente está pronto!"}
{"level":"info","message":"Mensagem recebida: ."}
{"level":"info","message":"Contato: {}"}
{"level":"info","message":"Conectado ao MongoDB com sucesso"}
{"level":"info","message":"Cliente inicializado com sucesso"}
{"level":"info","message":"Cliente está pronto!"}
{"level":"info","message":"Mensagem recebida: ."}
{"level":"info","message":"Contato: [object Object]"}
{"level":"info","message":"Conectado ao MongoDB com sucesso"}
{"level":"info","message":"Cliente inicializado com sucesso"}
{"level":"info","message":"Cliente está pronto!"}
{"level":"info","message":"Mensagem recebida: ."}
{"level":"info","message":"Contato: {\"id\":{\"server\":\"c.us\",\"user\":\"558585958475\",\"_serialized\":\"558585958475@c.us\"},\"number\":\"558585958475\",\"isBusiness\":false,\"labels\":[],\"pushname\":\"Gabriel Melo\",\"type\":\"in\",\"isMe\":false,\"isUser\":true,\"isGroup\":false,\"isWAContact\":true,\"isMyContact\":false,\"isBlocked\":false}"}
{"level":"info","message":"Conectado ao MongoDB com sucesso"}
{"level":"info","message":"Cliente inicializado com sucesso"}
{"level":"info","message":"Cliente está pronto!"}
{"level":"info","message":"Mensagem recebida: ."}
{"level":"info","message":"Contato: {\"id\":{\"server\":\"c.us\",\"user\":\"558585958475\",\"_serialized\":\"558585958475@c.us\"},\"number\":\"558585958475\",\"isBusiness\":false,\"labels\":[],\"pushname\":\"Gabriel Melo\",\"type\":\"in\",\"isMe\":false,\"isUser\":true,\"isGroup\":false,\"isWAContact\":true,\"isMyContact\":false,\"isBlocked\":false}"}
{"level":"info","message":"Conectado ao MongoDB com sucesso"}
{"level":"info","message":"Cliente inicializado com sucesso"}
{"level":"info","message":"Cliente está pronto!"}
{"level":"info","message":"Mensagem recebida: ."}
{"level":"info","message":"Contato: {\"id\":{\"server\":\"c.us\",\"user\":\"558585958475\",\"_serialized\":\"558585958475@c.us\"},\"number\":\"558585958475\",\"isBusiness\":false,\"labels\":[],\"pushname\":\"Gabriel Melo\",\"type\":\"in\",\"isMe\":false,\"isUser\":true,\"isGroup\":false,\"isWAContact\":true,\"isMyContact\":false,\"isBlocked\":false}"}
{"level":"info","message":"Mensagem: undefined"}
{"level":"info","message":"Conectado ao MongoDB com sucesso"}
{"level":"info","message":"Cliente inicializado com sucesso"}
{"level":"info","message":"Cliente está pronto!"}
{"level":"info","message":"Mensagem recebida: Aaaaaa"}
{"level":"info"}
{"level":"info","message":"Conectado ao MongoDB com sucesso"}
{"level":"info","message":"Cliente inicializado com sucesso"}
{"level":"info","message":"Cliente está pronto!"}
{"level":"info","message":"Mensagem recebida: ."}
{"level":"info"}
{"level":"info","message":"Conectado ao MongoDB com sucesso"}
{"level":"info","message":"Cliente inicializado com sucesso"}
{"level":"info","message":"Cliente está pronto!"}
{"level":"info","message":"Mensagem recebida: Hm"}
{"level":"info","message":"Conectado ao MongoDB com sucesso"}
{"level":"info","message":"Cliente inicializado com sucesso"}
{"level":"info","message":"Cliente está pronto!"}
{"level":"info","message":"Mensagem recebida: ."}
{"level":"info","message":"Conectado ao MongoDB com sucesso"}
{"level":"info","message":"Cliente inicializado com sucesso"}
{"level":"info","message":"Cliente está pronto!"}
{"level":"info","message":"Mensagem recebida: Ffb"}
{"level":"info","message":"\"558585958475@c.us\""}
{"level":"info","message":"Conectado ao MongoDB com sucesso"}
{"level":"info","message":"Cliente inicializado com sucesso"}
{"level":"info","message":"Cliente está pronto!"}
{"level":"info","message":"Mensagem recebida: !teste"}
{"level":"info","message":"\"558585958475@c.us\""}
{"level":"info","message":"Mensagem reconhecida"}
{"level":"info","message":"Mensagem recebida: deu certo"}
{"level":"info","message":"\"558582077727@c.us\""}
{"level":"info","message":"Mensagem reconhecida"}
{"level":"info","message":"Mensagem reconhecida"}
{"level":"info","message":"Conectado ao MongoDB com sucesso"}
{"level":"info","message":"Cliente inicializado com sucesso"}
{"level":"info","message":"Cliente está pronto!"}
{"level":"info","message":"Mensagem recebida: ."}
{"level":"info","message":"\"558585958475@c.us\""}
{"level":"info","message":"Mensagem recebida: !teste. Olá assistente virtual, isso é um teste de funcionamento. Diga olá."}
{"level":"info","message":"\"558585958475@c.us\""}
{"level":"info","message":"Mensagem recebida: !teste"}
{"level":"info","message":"\"558585958475@c.us\""}
{"level":"info","message":"Conectado ao MongoDB com sucesso"}
{"level":"info","message":"Cliente inicializado com sucesso"}
{"level":"info","message":"Cliente está pronto!"}
{"level":"info","message":"Conectado ao MongoDB com sucesso"}
{"level":"info","message":"Cliente inicializado com sucesso"}
{"level":"info","message":"Cliente está pronto!"}
{"level":"info","message":"Mensagem recebida: Aoba"}
{"level":"info","message":"\"558585958475@c.us\""}
{"level":"info","message":"Mensagem recebida: !teste olá assistente virtual, isso é um teste de funcionamento. Diga olá."}
{"level":"info","message":"\"558585958475@c.us\""}
{"level":"info","message":"Conectado ao MongoDB com sucesso"}
{"level":"info","message":"Cliente inicializado com sucesso"}
{"level":"info","message":"Cliente está pronto!"}
{"level":"info","message":"Conectado ao MongoDB com sucesso"}
{"level":"info","message":"Cliente inicializado com sucesso"}
{"level":"info","message":"Cliente está pronto!"}
{"level":"info","message":"Mensagem recebida: !teste olá assistente virtual, isso é um teste de funcionamento. Diga olá."}
{"level":"info","message":"Conectado ao MongoDB com sucesso"}
{"level":"info","message":"Cliente inicializado com sucesso"}
{"level":"info","message":"Cliente está pronto!"}
{"level":"info","message":"Conectado ao MongoDB com sucesso"}
{"level":"info","message":"Conectado ao MongoDB com sucesso"}
{"level":"info","message":"Cliente inicializado com sucesso"}
{"level":"info","message":"Conectado ao MongoDB com sucesso"}
{"level":"info","message":"Conectado ao MongoDB com sucesso"}
{"level":"info","message":"Cliente inicializado com sucesso"}
{"level":"info","message":"Conectado ao MongoDB com sucesso"}
{"level":"info","message":"Cliente inicializado com sucesso"}
{"level":"info","message":"Conectado ao MongoDB com sucesso"}
{"level":"info","message":"Cliente inicializado com sucesso"}
{"level":"info","message":"Conectado ao MongoDB com sucesso"}
{"level":"info","message":"Cliente inicializado com sucesso"}
{"level":"info","timestamp":"2024-10-04T08:53:58.113Z"}
{"level":"info","timestamp":"2024-10-04T08:54:17.820Z"}
{"level":"info","timestamp":"2024-10-04T08:54:23.257Z"}
{"level":"info","timestamp":"2024-10-04T08:54:30.373Z"}
{"level":"info","message":"Conectado ao MongoDB com sucesso"}
{"level":"info","message":"Cliente inicializado com sucesso"}
{"level":"info","message":"Conectado ao MongoDB com sucesso"}
{"level":"info","message":"Conectado ao MongoDB com sucesso"}
{"level":"info","message":"Conectado ao MongoDB com sucesso"}
{"level":"error","message":"Erro ao processar mensagem: Cannot read properties of undefined (reading 'getChat')","stack":"TypeError: Cannot read properties of undefined (reading 'getChat')\n    at get_message_info (C:\\Users\\gabriel.araujo\\Documents\\GitHub\\Lead-Web-Bot\\messageHandlers.js:8:30)\n    at Object.handleMessageCreate (C:\\Users\\gabriel.araujo\\Documents\\GitHub\\Lead-Web-Bot\\messageHandlers.js:60:32)\n    at initializeWhatsAppClient (C:\\Users\\gabriel.araujo\\Documents\\GitHub\\Lead-Web-Bot\\main.js:59:21)\n    at main (C:\\Users\\gabriel.araujo\\Documents\\GitHub\\Lead-Web-Bot\\main.js:30:11)\n    at process.processTicksAndRejections (node:internal/process/task_queues:95:5)","timestamp":"2024-10-04T09:12:35.950Z"}
{"level":"info","message":"Cliente inicializado com sucesso"}
{"level":"info","message":"Conectado ao MongoDB com sucesso"}
{"level":"info","message":"Recebendo mensagem...undefined","timestamp":"2024-10-04T09:25:40.433Z"}
{"level":"error","message":"Erro ao processar mensagem: Cannot read properties of undefined (reading 'getChat')","stack":"TypeError: Cannot read properties of undefined (reading 'getChat')\n    at get_message_info (C:\\Users\\gabriel.araujo\\Documents\\GitHub\\Lead-Web-Bot\\messageHandlers.js:9:30)\n    at Object.handleMessageCreate (C:\\Users\\gabriel.araujo\\Documents\\GitHub\\Lead-Web-Bot\\messageHandlers.js:61:32)\n    at initializeWhatsAppClient (C:\\Users\\gabriel.araujo\\Documents\\GitHub\\Lead-Web-Bot\\main.js:59:21)\n    at main (C:\\Users\\gabriel.araujo\\Documents\\GitHub\\Lead-Web-Bot\\main.js:30:11)\n    at process.processTicksAndRejections (node:internal/process/task_queues:95:5)","timestamp":"2024-10-04T09:25:40.436Z"}
{"level":"info","message":"Cliente inicializado com sucesso"}
{"level":"info","message":"Conectado ao MongoDB com sucesso"}
{"level":"info","message":"Recebendo mensagem...undefined","timestamp":"2024-10-04T09:26:24.906Z"}
{"level":"error","message":"Erro ao processar mensagem: Cannot read properties of undefined (reading 'getChat')","stack":"TypeError: Cannot read properties of undefined (reading 'getChat')\n    at get_message_info (C:\\Users\\gabriel.araujo\\Documents\\GitHub\\Lead-Web-Bot\\messageHandlers.js:9:30)\n    at Object.handleMessageCreate (C:\\Users\\gabriel.araujo\\Documents\\GitHub\\Lead-Web-Bot\\messageHandlers.js:61:32)\n    at initializeWhatsAppClient (C:\\Users\\gabriel.araujo\\Documents\\GitHub\\Lead-Web-Bot\\main.js:59:21)\n    at main (C:\\Users\\gabriel.araujo\\Documents\\GitHub\\Lead-Web-Bot\\main.js:30:11)\n    at process.processTicksAndRejections (node:internal/process/task_queues:95:5)","timestamp":"2024-10-04T09:26:24.910Z"}
{"level":"info","message":"Cliente inicializado com sucesso"}
{"level":"info","message":"Conectado ao MongoDB com sucesso"}
{"level":"info","message":"Cliente inicializado com sucesso"}
{"level":"info","message":"Recebendo mensagem...undefined","timestamp":"2024-10-04T09:32:12.835Z"}
{"level":"error","message":"Erro ao processar mensagem: Cannot read properties of undefined (reading 'getChat')","stack":"TypeError: Cannot read properties of undefined (reading 'getChat')\n    at get_message_info (C:\\Users\\gabriel.araujo\\Documents\\GitHub\\Lead-Web-Bot\\messageHandlers.js:9:30)\n    at Client.handleMessageCreate (C:\\Users\\gabriel.araujo\\Documents\\GitHub\\Lead-Web-Bot\\messageHandlers.js:61:32)\n    at Client.emit (node:events:520:28)\n    at C:\\Users\\gabriel.araujo\\Documents\\GitHub\\Lead-Web-Bot\\node_modules\\whatsapp-web.js\\src\\Client.js:430:22\n    at CDPPage._CDPPage_onBindingCalled (C:\\Users\\gabriel.araujo\\Documents\\GitHub\\Lead-Web-Bot\\node_modules\\whatsapp-web.js\\node_modules\\puppeteer-core\\lib\\cjs\\puppeteer\\common\\Page.js:2462:30)\n    at C:\\Users\\gabriel.araujo\\Documents\\GitHub\\Lead-Web-Bot\\node_modules\\whatsapp-web.js\\node_modules\\puppeteer-core\\lib\\cjs\\puppeteer\\common\\Page.js:160:100\n    at C:\\Users\\gabriel.araujo\\Documents\\GitHub\\Lead-Web-Bot\\node_modules\\whatsapp-web.js\\node_modules\\puppeteer-core\\lib\\cjs\\third_party\\mitt\\index.js:3:232\n    at Array.map (<anonymous>)\n    at Object.emit (C:\\Users\\gabriel.araujo\\Documents\\GitHub\\Lead-Web-Bot\\node_modules\\whatsapp-web.js\\node_modules\\puppeteer-core\\lib\\cjs\\third_party\\mitt\\index.js:3:216)\n    at CDPSessionImpl.emit (C:\\Users\\gabriel.araujo\\Documents\\GitHub\\Lead-Web-Bot\\node_modules\\whatsapp-web.js\\node_modules\\puppeteer-core\\lib\\cjs\\puppeteer\\common\\EventEmitter.js:87:22)\n    at CDPSessionImpl._onMessage (C:\\Users\\gabriel.araujo\\Documents\\GitHub\\Lead-Web-Bot\\node_modules\\whatsapp-web.js\\node_modules\\puppeteer-core\\lib\\cjs\\puppeteer\\common\\Connection.js:350:18)\n    at Connection.onMessage (C:\\Users\\gabriel.araujo\\Documents\\GitHub\\Lead-Web-Bot\\node_modules\\whatsapp-web.js\\node_modules\\puppeteer-core\\lib\\cjs\\puppeteer\\common\\Connection.js:156:25)\n    at WebSocket.<anonymous> (C:\\Users\\gabriel.araujo\\Documents\\GitHub\\Lead-Web-Bot\\node_modules\\whatsapp-web.js\\node_modules\\puppeteer-core\\lib\\cjs\\puppeteer\\common\\NodeWebSocketTransport.js:45:32)\n    at WebSocket.onMessage (C:\\Users\\gabriel.araujo\\Documents\\GitHub\\Lead-Web-Bot\\node_modules\\whatsapp-web.js\\node_modules\\ws\\lib\\event-target.js:199:18)\n    at WebSocket.emit (node:events:520:28)\n    at Receiver.receiverOnMessage (C:\\Users\\gabriel.araujo\\Documents\\GitHub\\Lead-Web-Bot\\node_modules\\whatsapp-web.js\\node_modules\\ws\\lib\\websocket.js:1178:20)","timestamp":"2024-10-04T09:32:12.838Z"}
{"level":"info","message":"Conectado ao MongoDB com sucesso"}
{"level":"info","message":"Cliente inicializado com sucesso"}
{"level":"info","message":"Recebendo mensagem...{\"_data\":{\"id\":{\"fromMe\":false,\"remote\":\"558585958475@c.us\",\"id\":\"9148636C5E7B75830543BBD0CDE0CC2D\",\"_serialized\":\"false_558585958475@c.us_9148636C5E7B75830543BBD0CDE0CC2D\"},\"viewed\":false,\"body\":\".\",\"type\":\"chat\",\"t\":1728034407,\"notifyName\":\"Gabriel Melo\",\"from\":\"558585958475@c.us\",\"to\":\"558582077727@c.us\",\"ack\":1,\"invis\":false,\"isNewMsg\":true,\"star\":false,\"kicNotified\":false,\"recvFresh\":true,\"isFromTemplate\":false,\"pollInvalidated\":false,\"isSentCagPollCreation\":false,\"latestEditMsgKey\":null,\"latestEditSenderTimestampMs\":null,\"mentionedJidList\":[],\"groupMentions\":[],\"isEventCanceled\":false,\"eventInvalidated\":false,\"isVcardOverMmsDocument\":false,\"isForwarded\":false,\"labels\":[],\"hasReaction\":false,\"viewMode\":\"VISIBLE\",\"productHeaderImageRejected\":false,\"lastPlaybackProgress\":0,\"isDynamicReplyButtonsMsg\":false,\"isCarouselCard\":false,\"parentMsgId\":null,\"isMdHistoryMsg\":false,\"stickerSentTs\":0,\"isAvatar\":false,\"lastUpdateFromServerTs\":0,\"invokedBotWid\":null,\"bizBotType\":null,\"botResponseTargetId\":null,\"botPluginType\":null,\"botPluginReferenceIndex\":null,\"botPluginSearchProvider\":null,\"botPluginSearchUrl\":null,\"botPluginSearchQuery\":null,\"botPluginMaybeParent\":false,\"botReelPluginThumbnailCdnUrl\":null,\"botMsgBodyType\":null,\"requiresDirectConnection\":null,\"bizContentPlaceholderType\":null,\"hostedBizEncStateMismatch\":false,\"senderOrRecipientAccountTypeHosted\":false,\"placeholderCreatedWhenAccountIsHosted\":false,\"links\":[]},\"id\":{\"fromMe\":false,\"remote\":\"558585958475@c.us\",\"id\":\"9148636C5E7B75830543BBD0CDE0CC2D\",\"_serialized\":\"false_558585958475@c.us_9148636C5E7B75830543BBD0CDE0CC2D\"},\"ack\":1,\"hasMedia\":false,\"body\":\".\",\"type\":\"chat\",\"timestamp\":1728034407,\"from\":\"558585958475@c.us\",\"to\":\"558582077727@c.us\",\"deviceType\":\"android\",\"isForwarded\":false,\"forwardingScore\":0,\"isStatus\":false,\"isStarred\":false,\"fromMe\":false,\"hasQuotedMsg\":false,\"hasReaction\":false,\"vCards\":[],\"mentionedIds\":[],\"groupMentions\":[],\"isGif\":false,\"links\":[]}","timestamp":"2024-10-04T09:34:25.715Z"}
{"level":"error","message":"Erro ao processar mensagem: client is not defined","stack":"ReferenceError: client is not defined\n    at get_message_info (C:\\Users\\gabriel.araujo\\Documents\\GitHub\\Lead-Web-Bot\\messageHandlers.js:14:52)\n    at process.processTicksAndRejections (node:internal/process/task_queues:95:5)\n    at async Client.handleMessageCreate (C:\\Users\\gabriel.araujo\\Documents\\GitHub\\Lead-Web-Bot\\messageHandlers.js:61:26)","timestamp":"2024-10-04T09:34:25.841Z"}
{"level":"info","message":"Conectado ao MongoDB com sucesso"}
{"level":"info","message":"Cliente inicializado com sucesso"}
{"level":"error","message":"Erro ao processar mensagem: Converting circular structure to JSON\n    --> starting at object with constructor 'Mongoose'\n    |     property 'connections' -> object with constructor 'Array'\n    |     index 0 -> object with constructor 'NativeConnection'\n    --- property 'base' closes the circle","stack":"TypeError: Converting circular structure to JSON\n    --> starting at object with constructor 'Mongoose'\n    |     property 'connections' -> object with constructor 'Array'\n    |     index 0 -> object with constructor 'NativeConnection'\n    --- property 'base' closes the circle\n    at JSON.stringify (<anonymous>)\n    at get_message_info (C:\\Users\\gabriel.araujo\\Documents\\GitHub\\Lead-Web-Bot\\messageHandlers.js:7:46)\n    at handleMessageCreate (C:\\Users\\gabriel.araujo\\Documents\\GitHub\\Lead-Web-Bot\\messageHandlers.js:61:32)\n    at Client.emit (node:events:520:28)\n    at C:\\Users\\gabriel.araujo\\Documents\\GitHub\\Lead-Web-Bot\\node_modules\\whatsapp-web.js\\src\\Client.js:430:22\n    at CDPPage._CDPPage_onBindingCalled (C:\\Users\\gabriel.araujo\\Documents\\GitHub\\Lead-Web-Bot\\node_modules\\whatsapp-web.js\\node_modules\\puppeteer-core\\lib\\cjs\\puppeteer\\common\\Page.js:2462:30)\n    at C:\\Users\\gabriel.araujo\\Documents\\GitHub\\Lead-Web-Bot\\node_modules\\whatsapp-web.js\\node_modules\\puppeteer-core\\lib\\cjs\\puppeteer\\common\\Page.js:160:100\n    at C:\\Users\\gabriel.araujo\\Documents\\GitHub\\Lead-Web-Bot\\node_modules\\whatsapp-web.js\\node_modules\\puppeteer-core\\lib\\cjs\\third_party\\mitt\\index.js:3:232\n    at Array.map (<anonymous>)\n    at Object.emit (C:\\Users\\gabriel.araujo\\Documents\\GitHub\\Lead-Web-Bot\\node_modules\\whatsapp-web.js\\node_modules\\puppeteer-core\\lib\\cjs\\third_party\\mitt\\index.js:3:216)\n    at CDPSessionImpl.emit (C:\\Users\\gabriel.araujo\\Documents\\GitHub\\Lead-Web-Bot\\node_modules\\whatsapp-web.js\\node_modules\\puppeteer-core\\lib\\cjs\\puppeteer\\common\\EventEmitter.js:87:22)\n    at CDPSessionImpl._onMessage (C:\\Users\\gabriel.araujo\\Documents\\GitHub\\Lead-Web-Bot\\node_modules\\whatsapp-web.js\\node_modules\\puppeteer-core\\lib\\cjs\\puppeteer\\common\\Connection.js:350:18)\n    at Connection.onMessage (C:\\Users\\gabriel.araujo\\Documents\\GitHub\\Lead-Web-Bot\\node_modules\\whatsapp-web.js\\node_modules\\puppeteer-core\\lib\\cjs\\puppeteer\\common\\Connection.js:156:25)\n    at WebSocket.<anonymous> (C:\\Users\\gabriel.araujo\\Documents\\GitHub\\Lead-Web-Bot\\node_modules\\whatsapp-web.js\\node_modules\\puppeteer-core\\lib\\cjs\\puppeteer\\common\\NodeWebSocketTransport.js:45:32)\n    at WebSocket.onMessage (C:\\Users\\gabriel.araujo\\Documents\\GitHub\\Lead-Web-Bot\\node_modules\\whatsapp-web.js\\node_modules\\ws\\lib\\event-target.js:199:18)\n    at WebSocket.emit (node:events:520:28)","timestamp":"2024-10-04T09:40:04.701Z"}
{"level":"info","message":"Conectado ao MongoDB com sucesso"}
{"level":"info","message":"Cliente inicializado com sucesso"}
{"level":"info","message":"Recebendo mensagem...{\"_data\":{\"id\":{\"fromMe\":false,\"remote\":\"558585958475@c.us\",\"id\":\"93B32D7943D3315626FFD8EA0AC5FC57\",\"_serialized\":\"false_558585958475@c.us_93B32D7943D3315626FFD8EA0AC5FC57\"},\"viewed\":false,\"body\":\".\",\"type\":\"chat\",\"t\":1728035067,\"notifyName\":\"Gabriel Melo\",\"from\":\"558585958475@c.us\",\"to\":\"558582077727@c.us\",\"ack\":1,\"invis\":false,\"isNewMsg\":true,\"star\":false,\"kicNotified\":false,\"recvFresh\":true,\"isFromTemplate\":false,\"pollInvalidated\":false,\"isSentCagPollCreation\":false,\"latestEditMsgKey\":null,\"latestEditSenderTimestampMs\":null,\"mentionedJidList\":[],\"groupMentions\":[],\"isEventCanceled\":false,\"eventInvalidated\":false,\"isVcardOverMmsDocument\":false,\"isForwarded\":false,\"labels\":[],\"hasReaction\":false,\"viewMode\":\"VISIBLE\",\"productHeaderImageRejected\":false,\"lastPlaybackProgress\":0,\"isDynamicReplyButtonsMsg\":false,\"isCarouselCard\":false,\"parentMsgId\":null,\"isMdHistoryMsg\":false,\"stickerSentTs\":0,\"isAvatar\":false,\"lastUpdateFromServerTs\":0,\"invokedBotWid\":null,\"bizBotType\":null,\"botResponseTargetId\":null,\"botPluginType\":null,\"botPluginReferenceIndex\":null,\"botPluginSearchProvider\":null,\"botPluginSearchUrl\":null,\"botPluginSearchQuery\":null,\"botPluginMaybeParent\":false,\"botReelPluginThumbnailCdnUrl\":null,\"botMsgBodyType\":null,\"requiresDirectConnection\":null,\"bizContentPlaceholderType\":null,\"hostedBizEncStateMismatch\":false,\"senderOrRecipientAccountTypeHosted\":false,\"placeholderCreatedWhenAccountIsHosted\":false,\"links\":[]},\"id\":{\"fromMe\":false,\"remote\":\"558585958475@c.us\",\"id\":\"93B32D7943D3315626FFD8EA0AC5FC57\",\"_serialized\":\"false_558585958475@c.us_93B32D7943D3315626FFD8EA0AC5FC57\"},\"ack\":1,\"hasMedia\":false,\"body\":\".\",\"type\":\"chat\",\"timestamp\":1728035067,\"from\":\"558585958475@c.us\",\"to\":\"558582077727@c.us\",\"deviceType\":\"android\",\"isForwarded\":false,\"forwardingScore\":0,\"isStatus\":false,\"isStarred\":false,\"fromMe\":false,\"hasQuotedMsg\":false,\"hasReaction\":false,\"vCards\":[],\"mentionedIds\":[],\"groupMentions\":[],\"isGif\":false,\"links\":[]}","timestamp":"2024-10-04T09:45:25.865Z"}
{"level":"error","message":"Erro ao processar mensagem: Cannot read properties of undefined (reading 'info')","stack":"TypeError: Cannot read properties of undefined (reading 'info')\n    at get_message_info (C:\\Users\\gabriel.araujo\\Documents\\GitHub\\Lead-Web-Bot\\messageHandlers.js:15:59)\n    at process.processTicksAndRejections (node:internal/process/task_queues:95:5)\n    at async Client.handleMessageCreate (C:\\Users\\gabriel.araujo\\Documents\\GitHub\\Lead-Web-Bot\\messageHandlers.js:62:26)","timestamp":"2024-10-04T09:45:26.002Z"}
{"level":"info","message":"Conectado ao MongoDB com sucesso"}
{"level":"info","message":"Cliente inicializado com sucesso"}
{"level":"info","message":"Recebendo mensagem...{\"_data\":{\"id\":{\"fromMe\":false,\"remote\":\"558585958475@c.us\",\"id\":\"05DC648D123425AD108D479780B38A8B\",\"_serialized\":\"false_558585958475@c.us_05DC648D123425AD108D479780B38A8B\"},\"viewed\":false,\"body\":\"H\",\"type\":\"chat\",\"t\":1728035232,\"notifyName\":\"Gabriel Melo\",\"from\":\"558585958475@c.us\",\"to\":\"558582077727@c.us\",\"ack\":1,\"invis\":false,\"isNewMsg\":true,\"star\":false,\"kicNotified\":false,\"recvFresh\":true,\"isFromTemplate\":false,\"pollInvalidated\":false,\"isSentCagPollCreation\":false,\"latestEditMsgKey\":null,\"latestEditSenderTimestampMs\":null,\"mentionedJidList\":[],\"groupMentions\":[],\"isEventCanceled\":false,\"eventInvalidated\":false,\"isVcardOverMmsDocument\":false,\"isForwarded\":false,\"labels\":[],\"hasReaction\":false,\"viewMode\":\"VISIBLE\",\"productHeaderImageRejected\":false,\"lastPlaybackProgress\":0,\"isDynamicReplyButtonsMsg\":false,\"isCarouselCard\":false,\"parentMsgId\":null,\"isMdHistoryMsg\":false,\"stickerSentTs\":0,\"isAvatar\":false,\"lastUpdateFromServerTs\":0,\"invokedBotWid\":null,\"bizBotType\":null,\"botResponseTargetId\":null,\"botPluginType\":null,\"botPluginReferenceIndex\":null,\"botPluginSearchProvider\":null,\"botPluginSearchUrl\":null,\"botPluginSearchQuery\":null,\"botPluginMaybeParent\":false,\"botReelPluginThumbnailCdnUrl\":null,\"botMsgBodyType\":null,\"requiresDirectConnection\":null,\"bizContentPlaceholderType\":null,\"hostedBizEncStateMismatch\":false,\"senderOrRecipientAccountTypeHosted\":false,\"placeholderCreatedWhenAccountIsHosted\":false,\"links\":[]},\"id\":{\"fromMe\":false,\"remote\":\"558585958475@c.us\",\"id\":\"05DC648D123425AD108D479780B38A8B\",\"_serialized\":\"false_558585958475@c.us_05DC648D123425AD108D479780B38A8B\"},\"ack\":1,\"hasMedia\":false,\"body\":\"H\",\"type\":\"chat\",\"timestamp\":1728035232,\"from\":\"558585958475@c.us\",\"to\":\"558582077727@c.us\",\"deviceType\":\"android\",\"isForwarded\":false,\"forwardingScore\":0,\"isStatus\":false,\"isStarred\":false,\"fromMe\":false,\"hasQuotedMsg\":false,\"hasReaction\":false,\"vCards\":[],\"mentionedIds\":[],\"groupMentions\":[],\"isGif\":false,\"links\":[]}","timestamp":"2024-10-04T09:48:10.365Z"}
{"level":"error","message":"Erro ao processar mensagem: Cannot read properties of undefined (reading 'body')","stack":"TypeError: Cannot read properties of undefined (reading 'body')\n    at log_message_info (C:\\Users\\gabriel.araujo\\Documents\\GitHub\\Lead-Web-Bot\\messageHandlers.js:33:38)\n    at Client.handleMessageCreate (C:\\Users\\gabriel.araujo\\Documents\\GitHub\\Lead-Web-Bot\\messageHandlers.js:63:11)\n    at process.processTicksAndRejections (node:internal/process/task_queues:95:5)","timestamp":"2024-10-04T09:48:10.529Z"}
{"level":"info","message":"Conectado ao MongoDB com sucesso"}
{"level":"info","message":"Cliente inicializado com sucesso"}
{"level":"info","message":"Recebendo mensagem...{\"_data\":{\"id\":{\"fromMe\":false,\"remote\":\"558585958475@c.us\",\"id\":\"72A625217C6BA58AA3B98F58075E6AE3\",\"_serialized\":\"false_558585958475@c.us_72A625217C6BA58AA3B98F58075E6AE3\"},\"viewed\":false,\"body\":\"Aaaaaa\",\"type\":\"chat\",\"t\":1728035430,\"notifyName\":\"Gabriel Melo\",\"from\":\"558585958475@c.us\",\"to\":\"558582077727@c.us\",\"ack\":1,\"invis\":false,\"isNewMsg\":true,\"star\":false,\"kicNotified\":false,\"recvFresh\":true,\"isFromTemplate\":false,\"pollInvalidated\":false,\"isSentCagPollCreation\":false,\"latestEditMsgKey\":null,\"latestEditSenderTimestampMs\":null,\"mentionedJidList\":[],\"groupMentions\":[],\"isEventCanceled\":false,\"eventInvalidated\":false,\"isVcardOverMmsDocument\":false,\"isForwarded\":false,\"labels\":[],\"hasReaction\":false,\"viewMode\":\"VISIBLE\",\"productHeaderImageRejected\":false,\"lastPlaybackProgress\":0,\"isDynamicReplyButtonsMsg\":false,\"isCarouselCard\":false,\"parentMsgId\":null,\"isMdHistoryMsg\":false,\"stickerSentTs\":0,\"isAvatar\":false,\"lastUpdateFromServerTs\":0,\"invokedBotWid\":null,\"bizBotType\":null,\"botResponseTargetId\":null,\"botPluginType\":null,\"botPluginReferenceIndex\":null,\"botPluginSearchProvider\":null,\"botPluginSearchUrl\":null,\"botPluginSearchQuery\":null,\"botPluginMaybeParent\":false,\"botReelPluginThumbnailCdnUrl\":null,\"botMsgBodyType\":null,\"requiresDirectConnection\":null,\"bizContentPlaceholderType\":null,\"hostedBizEncStateMismatch\":false,\"senderOrRecipientAccountTypeHosted\":false,\"placeholderCreatedWhenAccountIsHosted\":false,\"links\":[]},\"id\":{\"fromMe\":false,\"remote\":\"558585958475@c.us\",\"id\":\"72A625217C6BA58AA3B98F58075E6AE3\",\"_serialized\":\"false_558585958475@c.us_72A625217C6BA58AA3B98F58075E6AE3\"},\"ack\":1,\"hasMedia\":false,\"body\":\"Aaaaaa\",\"type\":\"chat\",\"timestamp\":1728035430,\"from\":\"558585958475@c.us\",\"to\":\"558582077727@c.us\",\"deviceType\":\"android\",\"isForwarded\":false,\"forwardingScore\":0,\"isStatus\":false,\"isStarred\":false,\"fromMe\":false,\"hasQuotedMsg\":false,\"hasReaction\":false,\"vCards\":[],\"mentionedIds\":[],\"groupMentions\":[],\"isGif\":false,\"links\":[]}","timestamp":"2024-10-04T09:51:28.115Z"}
{"level":"info","message":"\n    Mensagem recebida:\n    Conteúdo: Aaaaaa\n    Tipo: Privada\n    \n    Remetente: Gabriel Melo\n    Menciona meu usuário: Não\n    Responde a uma mensagem minha: Não\n  ","timestamp":"2024-10-04T09:51:28.264Z"}
{"level":"info","message":"Conectado ao MongoDB com sucesso"}
{"level":"info","message":"Cliente inicializado com sucesso"}
{"level":"info","message":"\n    Mensagem recebida:\n    Conteúdo: Oi\n    Tipo: Privada\n    \n    Remetente: Gabriel Melo\n    Menciona meu usuário: Não\n    Responde a uma mensagem minha: Não\n  ","timestamp":"2024-10-04T09:52:56.059Z"}
{"level":"info","message":"Conectado ao MongoDB com sucesso"}
{"level":"info","message":"Cliente inicializado com sucesso"}
undefined
{"level":"info","message":"Conectado ao MongoDB com sucesso"}
{"level":"info","message":"Cliente inicializado com sucesso"}
undefined
{"level":"info","message":"Conectado ao MongoDB com sucesso"}
{"level":"info","message":"Cliente inicializado com sucesso"}
undefined
{"level":"info","message":"Conectado ao MongoDB com sucesso"}
{"level":"info","message":"Cliente inicializado com sucesso"}
undefined
{"level":"info","message":"Conectado ao MongoDB com sucesso"}
{"level":"info","message":"Cliente inicializado com sucesso"}
undefined
{"level":"info","message":"Conectado ao MongoDB com sucesso"}
{"level":"info","message":"Cliente inicializado com sucesso"}
undefined
{"level":"info","message":"Conectado ao MongoDB com sucesso"}
{"level":"info","message":"Cliente inicializado com sucesso"}
undefined
{"level":"info","message":"Conectado ao MongoDB com sucesso"}
{"level":"info","message":"Cliente inicializado com sucesso"}
undefined
{"level":"info","message":"Conectado ao MongoDB com sucesso"}
{"level":"info","message":"Conectado ao MongoDB com sucesso"}
{"level":"info","message":"Cliente inicializado com sucesso"}
undefined
{"level":"info","message":"Conectado ao MongoDB com sucesso"}
{"level":"info","message":"Cliente inicializado com sucesso"}
undefined
{"level":"info","message":"Conectado ao MongoDB com sucesso"}
{"level":"info","message":"Cliente inicializado com sucesso"}
undefined
{"level":"info","message":"Conectado ao MongoDB com sucesso"}
{"level":"info","message":"Cliente inicializado com sucesso"}
{"level":"info","message":"\n    ↓Mensagem recebida↓\n    Conteúdo: Rtyjt\n    Tipo: Privada\n    Chat do Suporte\n    Remetente: Gabriel Melo\n    Menciona meu usuário: Não\n    Responde a uma mensagem minha: Não\n  "}
{"level":"info","message":"Conectado ao MongoDB com sucesso"}
{"level":"info","message":"Cliente inicializado com sucesso"}
undefined
undefined
{"level":"info","message":"Conectado ao MongoDB com sucesso"}
{"level":"info","message":"Cliente inicializado com sucesso"}
undefined
undefined
{"level":"info","message":"Conectado ao MongoDB com sucesso"}
{"level":"info","message":"Cliente inicializado com sucesso"}
undefined
undefined
undefined
undefined
undefined
undefined
undefined
undefined
undefined
undefined
undefined
undefined
undefined
undefined
undefined
undefined
undefined
undefined
undefined
undefined
undefined
undefined
undefined
undefined
undefined
undefined
undefined
undefined
undefined
undefined
undefined
undefined
undefined
undefined
undefined
undefined
undefined
undefined
undefined
undefined
undefined
undefined
undefined
undefined
undefined
undefined
undefined
undefined
undefined
undefined
{"level":"info","message":"Conectado ao MongoDB com sucesso"}
{"level":"info","message":"Cliente inicializado com sucesso"}
undefined
undefined
{"level":"info","message":"Conectado ao MongoDB com sucesso"}
{"level":"info","message":"Cliente inicializado com sucesso"}
undefined
undefined
{"level":"info","message":"Conectado ao MongoDB com sucesso"}
{"level":"info","message":"Cliente inicializado com sucesso"}
undefined
undefined
undefined
undefined
{"level":"info","message":"Conectado ao MongoDB com sucesso"}
{"level":"info","message":"Cliente inicializado com sucesso"}
undefined
undefined
{"level":"info","message":"Conectado ao MongoDB com sucesso"}
{"level":"info","message":"Cliente inicializado com sucesso"}
undefined
undefined
{"level":"info","message":"Conectado ao MongoDB com sucesso"}
{"level":"info","message":"Cliente inicializado com sucesso"}
undefined
undefined
{"level":"info","message":"Conectado ao MongoDB com sucesso"}
{"level":"info","message":"Cliente inicializado com sucesso"}
undefined
undefined
{"level":"info","message":"Conectado ao MongoDB com sucesso"}
{"level":"info","message":"Cliente inicializado com sucesso"}
undefined
undefined
{"level":"info","message":"Conectado ao MongoDB com sucesso"}
{"level":"info","message":"Cliente inicializado com sucesso"}
undefined
undefined
undefined
undefined
{"level":"info","message":"Conectado ao MongoDB com sucesso"}
{"level":"info","message":"Cliente inicializado com sucesso"}
undefined
undefined
{"level":"info","message":"Conectado ao MongoDB com sucesso"}
{"level":"info","message":"Cliente inicializado com sucesso"}
undefined
undefined
undefined
undefined
undefined
undefined
undefined
undefined
undefined
undefined
undefined
undefined
undefined
undefined
undefined
undefined
undefined
undefined
undefined
undefined
undefined
undefined
undefined
undefined
undefined
undefined
undefined
undefined
undefined
undefined
undefined
undefined
undefined
undefined
undefined
undefined
undefined
undefined
undefined
undefined
undefined
undefined
undefined
undefined
undefined
undefined
undefined
undefined
undefined
undefined
undefined
undefined
undefined
undefined
undefined
undefined
undefined
undefined
undefined
undefined
undefined
undefined
undefined
undefined
undefined
undefined
undefined
undefined
undefined
undefined
undefined
undefined
undefined
undefined
undefined
undefined
undefined
undefined
undefined
undefined
undefined
undefined
undefined
undefined
undefined
undefined
undefined
undefined
undefined
undefined
undefined
undefined
undefined
undefined
undefined
undefined
undefined
undefined
undefined
undefined
undefined
undefined
undefined
undefined
undefined
undefined
undefined
undefined
undefined
undefined
undefined
undefined
undefined
undefined
undefined
undefined
undefined
undefined
undefined
undefined
undefined
undefined
undefined
undefined
undefined
undefined
undefined
undefined
undefined
undefined
undefined
undefined
undefined
undefined
undefined
undefined
undefined
undefined
undefined
undefined
undefined
undefined
undefined
undefined
undefined
undefined
undefined
undefined
undefined
undefined
undefined
undefined
undefined
undefined
undefined
undefined
undefined
undefined
undefined
undefined
undefined
undefined
undefined
undefined
undefined
undefined
undefined
undefined
undefined
undefined
undefined
undefined
undefined
undefined
undefined
undefined
undefined
undefined
undefined
undefined
undefined
undefined
undefined
undefined
undefined
undefined
undefined
undefined
undefined
undefined
undefined
undefined
undefined
undefined
undefined
undefined
undefined
undefined
undefined
undefined
undefined
undefined
undefined
undefined
{"level":"info","message":"Conectado ao MongoDB com sucesso"}
{"level":"info","message":"Cliente inicializado com sucesso"}
undefined
undefined
{"level":"info","message":"Conectado ao MongoDB com sucesso"}
{"level":"info","message":"Cliente inicializado com sucesso"}
undefined
undefined
undefined
undefined
undefined
undefined
undefined
undefined
undefined
undefined
undefined
undefined
undefined
undefined
undefined
undefined
undefined
undefined
undefined
undefined
undefined
undefined
undefined
undefined
undefined
undefined
undefined
undefined
undefined
undefined
undefined
undefined
undefined
undefined
undefined
undefined
undefined
undefined
undefined
undefined
undefined
undefined
undefined
undefined
undefined
undefined
undefined
undefined
undefined
undefined
undefined
undefined
undefined
undefined
undefined
undefined
undefined
undefined
undefined
undefined
undefined
undefined
undefined
undefined
undefined
undefined
undefined
undefined
undefined
undefined
undefined
undefined
undefined
undefined
undefined
undefined
undefined
undefined
undefined
undefined
undefined
undefined
undefined
undefined
undefined
undefined
undefined
undefined
{"level":"info","message":"Conectado ao MongoDB com sucesso"}
{"level":"info","message":"Cliente inicializado com sucesso"}
undefined
undefined
undefined
undefined
undefined
undefined
undefined
undefined
undefined
undefined
undefined
undefined
undefined
undefined
undefined
undefined
undefined
undefined
undefined
undefined
undefined
undefined
undefined
undefined
undefined
undefined
undefined
undefined
undefined
undefined
undefined
undefined
undefined
undefined
undefined
undefined
undefined
undefined
undefined
undefined
undefined
undefined
undefined
undefined
undefined
undefined
undefined
undefined
undefined
undefined
undefined
undefined
undefined
undefined
undefined
undefined
undefined
undefined
undefined
undefined
undefined
undefined
undefined
undefined
undefined
{"level":"info","message":"Conectado ao MongoDB com sucesso"}
{"level":"info","message":"Cliente inicializado com sucesso"}
undefined
undefined
undefined
undefined
undefined
undefined
undefined
undefined
undefined
undefined
undefined
undefined
undefined
undefined
undefined
{"level":"info","message":"Conectado ao MongoDB com sucesso"}
{"level":"info","message":"Cliente inicializado com sucesso"}
undefined
undefined
undefined
undefined
undefined
undefined
undefined
undefined
undefined
undefined
undefined
undefined
undefined
undefined
undefined
undefined
undefined
undefined
undefined
undefined
undefined
undefined
undefined
undefined
undefined
undefined
undefined
undefined
undefined
undefined
undefined
undefined
{"level":"info","message":"Conectado ao MongoDB com sucesso"}
{"level":"info","message":"Cliente inicializado com sucesso"}
undefined
undefined
undefined
undefined
undefined
undefined
undefined
{"level":"info","message":"Conectado ao MongoDB com sucesso"}
{"level":"info","message":"Cliente inicializado com sucesso"}
undefined
undefined
undefined
undefined
undefined
{"level":"info","message":"Conectado ao MongoDB com sucesso"}
{"level":"info","message":"Cliente inicializado com sucesso"}
undefined
undefined
undefined
undefined
undefined
undefined
undefined
{"level":"info","message":"Conectado ao MongoDB com sucesso"}
{"level":"info","message":"Cliente inicializado com sucesso"}
undefined
undefined
undefined
undefined
undefined
{"level":"info","message":"Conectado ao MongoDB com sucesso"}
{"level":"info","message":"Cliente inicializado com sucesso"}
undefined
undefined
undefined
undefined
undefined
{"level":"info","message":"Conectado ao MongoDB com sucesso"}
{"level":"info","message":"Cliente inicializado com sucesso"}
undefined
undefined
{"level":"info","message":"Conectado ao MongoDB com sucesso"}
{"level":"info","message":"Cliente inicializado com sucesso"}
undefined
undefined
undefined
{"level":"info","message":"Conectado ao MongoDB com sucesso"}
{"level":"info","message":"Cliente inicializado com sucesso"}
undefined
undefined
undefined
undefined
