[0930/145802.816:INFO:CONSOLE(0)] "Error with Permissions-Policy header: Feature xr-spatial-tracking's parameters are ignored.", source:  (0)
[0930/145802.817:INFO:CONSOLE(0)] "Error with Permissions-Policy header: Origin trial controlled feature not enabled: 'attribution-reporting'.", source:  (0)
[0930/145802.817:INFO:CONSOLE(0)] "Error with Permissions-Policy header: Unrecognized feature: 'compute-pressure'.", source:  (0)
[0930/145802.817:INFO:CONSOLE(0)] "Error with Permissions-Policy header: Origin trial controlled feature not enabled: 'interest-cohort'.", source:  (0)
[0930/145802.817:INFO:CONSOLE(0)] "Error with Permissions-Policy header: Unrecognized feature: 'private-state-token-issuance'.", source:  (0)
[0930/145802.819:INFO:CONSOLE(0)] "Error with Permissions-Policy header: Origin trial controlled feature not enabled: 'shared-storage'.", source:  (0)
[0930/145802.819:INFO:CONSOLE(0)] "Error with Permissions-Policy header: Unrecognized feature: 'shared-storage-select-url'.", source:  (0)
[0930/145802.819:INFO:CONSOLE(0)] "Error with Permissions-Policy header: Unrecognized feature: 'private-state-token-redemption'.", source:  (0)
[0930/145802.819:INFO:CONSOLE(0)] "Error with Permissions-Policy header: Unrecognized feature: 'unload'.", source:  (0)
[0930/145802.819:INFO:CONSOLE(0)] "Error with Permissions-Policy header: Unrecognized feature: 'window-management'.", source:  (0)
[0930/145805.919:INFO:CONSOLE(343)] "WAWebLoggerWorker initialized", source: https://static.whatsapp.net/rsrc.php/v3/yD/r/YZ-EForl1wn.js?_nc_x=Ij3Wp8lg5Kz (343)
[0930/145805.927:INFO:CONSOLE(343)] "[storage] start setSchemaVersions from fts worker interface", source: https://static.whatsapp.net/rsrc.php/v3/yD/r/YZ-EForl1wn.js?_nc_x=Ij3Wp8lg5Kz (343)
[0930/145805.928:INFO:CONSOLE(343)] "[storage] set schema versions: [model-storage,159,fts-storage,8,jobs-storage,1,lru-media-storage-idb,2,offd-storage,4,qpl-storage,0,signal-storage,6,worker-storage,1,sw,2,wawc,14,wawc_db_enc,2]. is worker? true", source: https://static.whatsapp.net/rsrc.php/v3/yD/r/YZ-EForl1wn.js?_nc_x=Ij3Wp8lg5Kz (343)
[0930/145806.466:INFO:CONSOLE(123)] "Event handler of 'x-storagemutated-1' event must be added on the initial evaluation of worker script.", source: https://static.whatsapp.net/rsrc.php/v3/yy/r/tYjNAlOIpwn.js?_nc_x=Ij3Wp8lg5Kz (123)
[0930/145816.427:INFO:CONSOLE(343)] "FTS:Delegate: start indexer", source: https://static.whatsapp.net/rsrc.php/v3/yD/r/YZ-EForl1wn.js?_nc_x=Ij3Wp8lg5Kz (343)
[0930/145816.427:INFO:CONSOLE(343)] "FTS:Delegate: start perform init", source: https://static.whatsapp.net/rsrc.php/v3/yD/r/YZ-EForl1wn.js?_nc_x=Ij3Wp8lg5Kz (343)
[0930/145816.427:INFO:CONSOLE(343)] "FTS:Delegate: schema versions ready", source: https://static.whatsapp.net/rsrc.php/v3/yD/r/YZ-EForl1wn.js?_nc_x=Ij3Wp8lg5Kz (343)
[0930/145816.427:INFO:CONSOLE(343)] "FTS:Delegate: before db initialization", source: https://static.whatsapp.net/rsrc.php/v3/yD/r/YZ-EForl1wn.js?_nc_x=Ij3Wp8lg5Kz (343)
[0930/145816.428:INFO:CONSOLE(343)] "[storage] applying schema versions from [0 to 8] for the database: 'fts-storage'", source: https://static.whatsapp.net/rsrc.php/v3/yD/r/YZ-EForl1wn.js?_nc_x=Ij3Wp8lg5Kz (343)
[0930/145816.462:INFO:CONSOLE(343)] "[storage] applying schema versions from [0 to 159] for the database: 'model-storage'", source: https://static.whatsapp.net/rsrc.php/v3/yD/r/YZ-EForl1wn.js?_nc_x=Ij3Wp8lg5Kz (343)
[0930/145820.420:INFO:CONSOLE(343)] "FTS:Delegate: after db initialization", source: https://static.whatsapp.net/rsrc.php/v3/yD/r/YZ-EForl1wn.js?_nc_x=Ij3Wp8lg5Kz (343)
[0930/145820.434:INFO:CONSOLE(343)] "FTS:Manifest Writer: No changes made, current:['3.1', '1'], latest:['3.1', '1']", source: https://static.whatsapp.net/rsrc.php/v3/yD/r/YZ-EForl1wn.js?_nc_x=Ij3Wp8lg5Kz (343)
[0930/145820.437:INFO:CONSOLE(343)] "FTS:Delegate: Inited", source: https://static.whatsapp.net/rsrc.php/v3/yD/r/YZ-EForl1wn.js?_nc_x=Ij3Wp8lg5Kz (343)
[0930/145820.440:INFO:CONSOLE(343)] "FTS:Delegate: Init indexing ops", source: https://static.whatsapp.net/rsrc.php/v3/yD/r/YZ-EForl1wn.js?_nc_x=Ij3Wp8lg5Kz (343)
[0930/145820.465:INFO:CONSOLE(343)] "FTS:Indexer:indexQueuedBatch: Starting new batch size : 1000", source: https://static.whatsapp.net/rsrc.php/v3/yD/r/YZ-EForl1wn.js?_nc_x=Ij3Wp8lg5Kz (343)
[0930/145820.555:INFO:CONSOLE(343)] "FTS:Indexer:indexQueuedBatch: Completed batch", source: https://static.whatsapp.net/rsrc.php/v3/yD/r/YZ-EForl1wn.js?_nc_x=Ij3Wp8lg5Kz (343)
[0930/145820.562:INFO:CONSOLE(343)] "FTS:Indexer:indexQueuedBatch: Completed", source: https://static.whatsapp.net/rsrc.php/v3/yD/r/YZ-EForl1wn.js?_nc_x=Ij3Wp8lg5Kz (343)
[0930/145843.775:INFO:CONSOLE(343)] "FTS:Indexer:indexQueuedBatch: Starting new batch size : 1000", source: https://static.whatsapp.net/rsrc.php/v3/yD/r/YZ-EForl1wn.js?_nc_x=Ij3Wp8lg5Kz (343)
[0930/145843.788:INFO:CONSOLE(343)] "FTS:Indexer:indexQueuedBatch: Completed batch", source: https://static.whatsapp.net/rsrc.php/v3/yD/r/YZ-EForl1wn.js?_nc_x=Ij3Wp8lg5Kz (343)
[0930/145843.794:INFO:CONSOLE(343)] "FTS:Indexer:indexQueuedBatch: Completed", source: https://static.whatsapp.net/rsrc.php/v3/yD/r/YZ-EForl1wn.js?_nc_x=Ij3Wp8lg5Kz (343)
[0930/145844.192:INFO:CONSOLE(343)] "FTS:Indexer:indexQueuedBatch: Starting new batch size : 1000", source: https://static.whatsapp.net/rsrc.php/v3/yD/r/YZ-EForl1wn.js?_nc_x=Ij3Wp8lg5Kz (343)
[0930/145844.251:INFO:CONSOLE(343)] "FTS:Indexer:indexQueuedBatch: Completed batch", source: https://static.whatsapp.net/rsrc.php/v3/yD/r/YZ-EForl1wn.js?_nc_x=Ij3Wp8lg5Kz (343)
[0930/145844.266:INFO:CONSOLE(343)] "FTS:Indexer:indexQueuedBatch: Completed", source: https://static.whatsapp.net/rsrc.php/v3/yD/r/YZ-EForl1wn.js?_nc_x=Ij3Wp8lg5Kz (343)
[0930/145853.472:INFO:CONSOLE(343)] "FTS:Indexer:indexQueuedBatch: Starting new batch size : 1000", source: https://static.whatsapp.net/rsrc.php/v3/yD/r/YZ-EForl1wn.js?_nc_x=Ij3Wp8lg5Kz (343)
[0930/145853.482:INFO:CONSOLE(343)] "FTS:Indexer:indexQueuedBatch: Completed batch", source: https://static.whatsapp.net/rsrc.php/v3/yD/r/YZ-EForl1wn.js?_nc_x=Ij3Wp8lg5Kz (343)
[0930/145853.489:INFO:CONSOLE(343)] "FTS:Indexer:indexQueuedBatch: Completed", source: https://static.whatsapp.net/rsrc.php/v3/yD/r/YZ-EForl1wn.js?_nc_x=Ij3Wp8lg5Kz (343)
